# grub.conf generated by anaconda
#
# Note that you do not have to rerun grub after making changes to this file
# NOTICE:  You have a /boot partition.  This means that
#          all kernel and initrd paths are relative to /boot/, eg.
#          root (hd0,0)
#          kernel /vmlinuz-version ro root=/dev/mapper/vg_nords-lv_root
#          initrd /initrd-[generic-]version.img
#boot=/dev/sda
default=0
timeout=5
splashimage=(hd0,0)/grub/splash.xpm.gz
hiddenmenu
title CentOS (2.6.32-358.6.2.el6.x86_64)
	root (hd0,0)
	kernel /vmlinuz-2.6.32-358.6.2.el6.x86_64 ro root=/dev/mapper/vg_nords-lv_root rd_NO_LUKS  KEYBOARDTYPE=pc KEYTABLE=us LANG=en_US.UTF-8 rd_NO_MD SYSFONT=latarcyrheb-sun16 rd_LVM_LV=vg_nords/lv_root rd_LVM_LV=vg_nords/lv_swap rd_NO_DM rhgb quiet crashkernel=auto
	initrd /initramfs-2.6.32-358.6.2.el6.x86_64.img
title CentOS (2.6.32-358.el6.x86_64)
	root (hd0,0)
	kernel /vmlinuz-2.6.32-358.el6.x86_64 ro root=/dev/mapper/vg_nords-lv_root rd_NO_LUKS  KEYBOARDTYPE=pc KEYTABLE=us LANG=en_US.UTF-8 rd_NO_MD SYSFONT=latarcyrheb-sun16 rd_LVM_LV=vg_nords/lv_root rd_LVM_LV=vg_nords/lv_swap rd_NO_DM rhgb quiet
	initrd /initramfs-2.6.32-358.el6.x86_64.img
title Homework (2.6.32-358.el6.x86_64)
	root (hd0,0)
	kernel /vmlinuz-2.6.32-358.el6.x86_64 ro root=/dev/mapper/vg_nords-lv_root rd_NO_LUKS  KEYBOARDTYPE=pc KEYTABLE=us LANG=en_US.UTF-8 rd_NO_MD SYSFONT=latarcyrheb-sun16 rd_LVM_LV=vg_nords/lv_root rd_LVM_LV=vg_nords/lv_swap rd_NO_DM rhgb quiet
	initrd /initramfs-2.6.32-358.el6.x86_64.img
	password --md5 $1$SiKfB1$q.Sx44G82jD6dRcKfrIWL1
